  Source.c
C:\Program Files (x86)\Windows Kits\10\Include\10.0.19041.0\um\winioctl.h(10326,22): warning C4668: '_WIN32_WINNT_WIN10_TH2' non défini(e) comme préprocesseur ou macro, remplacement par '0' pour '#if/#elif'
C:\Program Files (x86)\Windows Kits\10\Include\10.0.19041.0\um\winioctl.h(10332,22): warning C4668: '_WIN32_WINNT_WIN10_RS1' non défini(e) comme préprocesseur ou macro, remplacement par '0' pour '#if/#elif'
C:\Program Files (x86)\Windows Kits\10\Include\10.0.19041.0\um\winioctl.h(10337,22): warning C4668: '_WIN32_WINNT_WIN10_TH2' non défini(e) comme préprocesseur ou macro, remplacement par '0' pour '#if/#elif'
C:\Program Files (x86)\Windows Kits\10\Include\10.0.19041.0\um\winioctl.h(10341,22): warning C4668: '_WIN32_WINNT_WIN10_TH2' non défini(e) comme préprocesseur ou macro, remplacement par '0' pour '#if/#elif'
C:\Program Files (x86)\Windows Kits\10\Include\10.0.19041.0\um\winioctl.h(10348,22): warning C4668: '_WIN32_WINNT_WIN10_RS2' non défini(e) comme préprocesseur ou macro, remplacement par '0' pour '#if/#elif'
C:\Program Files (x86)\Windows Kits\10\Include\10.0.19041.0\um\winioctl.h(10358,22): warning C4668: '_WIN32_WINNT_WIN10_RS2' non défini(e) comme préprocesseur ou macro, remplacement par '0' pour '#if/#elif'
C:\Program Files (x86)\Windows Kits\10\Include\10.0.19041.0\um\winioctl.h(10362,22): warning C4668: '_WIN32_WINNT_WIN10_TH2' non défini(e) comme préprocesseur ou macro, remplacement par '0' pour '#if/#elif'
C:\Program Files (x86)\Windows Kits\10\Include\10.0.19041.0\um\winioctl.h(10367,22): warning C4668: '_WIN32_WINNT_WIN10_RS3' non défini(e) comme préprocesseur ou macro, remplacement par '0' pour '#if/#elif'
C:\Program Files (x86)\Windows Kits\10\Include\10.0.19041.0\um\winioctl.h(10374,22): warning C4668: '_WIN32_WINNT_WIN10_RS4' non défini(e) comme préprocesseur ou macro, remplacement par '0' pour '#if/#elif'
C:\Program Files (x86)\Windows Kits\10\Include\10.0.19041.0\um\winioctl.h(10377,22): warning C4668: '_WIN32_WINNT_WIN10_RS1' non défini(e) comme préprocesseur ou macro, remplacement par '0' pour '#if/#elif'
C:\Program Files (x86)\Windows Kits\10\Include\10.0.19041.0\um\winioctl.h(10380,22): warning C4668: '_WIN32_WINNT_WIN10_RS4' non défini(e) comme préprocesseur ou macro, remplacement par '0' pour '#if/#elif'
C:\Program Files (x86)\Windows Kits\10\Include\10.0.19041.0\um\winioctl.h(10385,22): warning C4668: '_WIN32_WINNT_WIN10_RS1' non défini(e) comme préprocesseur ou macro, remplacement par '0' pour '#if/#elif'
C:\Program Files (x86)\Windows Kits\10\Include\10.0.19041.0\um\winioctl.h(10388,22): warning C4668: '_WIN32_WINNT_WIN10_RS5' non défini(e) comme préprocesseur ou macro, remplacement par '0' pour '#if/#elif'
C:\Program Files (x86)\Windows Kits\10\Include\10.0.19041.0\um\winioctl.h(10588,22): warning C4668: '_WIN32_WINNT_WIN10_RS2' non défini(e) comme préprocesseur ou macro, remplacement par '0' pour '#if/#elif'
C:\Program Files (x86)\Windows Kits\10\Include\10.0.19041.0\um\winioctl.h(10612,22): warning C4668: '_WIN32_WINNT_WIN10_RS5' non défini(e) comme préprocesseur ou macro, remplacement par '0' pour '#if/#elif'
C:\Program Files (x86)\Windows Kits\10\Include\10.0.19041.0\um\winioctl.h(14093,22): warning C4668: '_WIN32_WINNT_WIN10_RS5' non défini(e) comme préprocesseur ou macro, remplacement par '0' pour '#if/#elif'
C:\Program Files (x86)\Windows Kits\10\Include\10.0.19041.0\um\winioctl.h(14296,22): warning C4668: '_WIN32_WINNT_WIN10_RS5' non défini(e) comme préprocesseur ou macro, remplacement par '0' pour '#if/#elif'
C:\Program Files (x86)\Windows Kits\10\Include\10.0.19041.0\um\winioctl.h(14399,22): warning C4668: '_WIN32_WINNT_WIN10_RS5' non défini(e) comme préprocesseur ou macro, remplacement par '0' pour '#if/#elif'
C:\Program Files (x86)\Windows Kits\10\Include\10.0.19041.0\um\winioctl.h(14495,21): warning C4668: '_WIN32_WINNT_WIN10_RS5' non défini(e) comme préprocesseur ou macro, remplacement par '0' pour '#if/#elif'
C:\Program Files (x86)\Windows Kits\10\Include\10.0.19041.0\um\winioctl.h(14599,22): warning C4668: '_WIN32_WINNT_WIN10_RS5' non défini(e) comme préprocesseur ou macro, remplacement par '0' pour '#if/#elif'
C:\Program Files (x86)\Windows Kits\10\Include\10.0.19041.0\um\winioctl.h(15350,23): warning C4668: '_WIN32_WINNT_WIN10_RS2' non défini(e) comme préprocesseur ou macro, remplacement par '0' pour '#if/#elif'
C:\Program Files (x86)\Windows Kits\10\Include\10.0.19041.0\um\winioctl.h(15406,22): warning C4668: '_WIN32_WINNT_WIN10_RS2' non défini(e) comme préprocesseur ou macro, remplacement par '0' pour '#if/#elif'
C:\Program Files (x86)\Windows Kits\10\Include\10.0.19041.0\um\winioctl.h(15525,22): warning C4668: '_WIN32_WINNT_WIN10_RS3' non défini(e) comme préprocesseur ou macro, remplacement par '0' pour '#if/#elif'
C:\Program Files (x86)\Windows Kits\10\Include\10.0.19041.0\um\winioctl.h(15675,22): warning C4668: '_WIN32_WINNT_WIN10_RS4' non défini(e) comme préprocesseur ou macro, remplacement par '0' pour '#if/#elif'
C:\Program Files (x86)\Windows Kits\10\Include\10.0.19041.0\um\winioctl.h(15688,22): warning C4668: '_WIN32_WINNT_WIN10_RS4' non défini(e) comme préprocesseur ou macro, remplacement par '0' pour '#if/#elif'
C:\Program Files (x86)\Windows Kits\10\Include\10.0.19041.0\um\winioctl.h(15916,22): warning C4668: '_WIN32_WINNT_WIN10_RS1' non défini(e) comme préprocesseur ou macro, remplacement par '0' pour '#if/#elif'
  Génération de code en cours
  Previous IPDB not found, fall back to full compilation.
G:\Jeu en C\Le JeuVidéal\Source.c(28): warning C4711: fonction 'GameIsAlreadyRunning' sélectionnée pour l'expansion inline automatique
G:\Jeu en C\Le JeuVidéal\Source.c(36): warning C4711: fonction 'CreateMainGameWindow' sélectionnée pour l'expansion inline automatique
G:\Jeu en C\Le JeuVidéal\Source.c(75): warning C4711: fonction 'ProcessPlayerInput' sélectionnée pour l'expansion inline automatique
G:\Jeu en C\Le JeuVidéal\Source.c(78): warning C4711: fonction 'RenderFrameGraphics' sélectionnée pour l'expansion inline automatique
  All 6 functions were compiled because no usable IPDB/IOBJ from previous compilation was found.
  Fin de la génération du code
  Le JeuVidéal.vcxproj -> G:\Jeu en C\Le JeuVidéal\Win32\Release\Le JeuVidéal.exe
